<?xml version="1.0" encoding="UTF-8"?>
<testng-results skipped="0" failed="0" total="1" passed="1">
  <reporter-output>
  </reporter-output>
  <suite name="Default suite" duration-ms="19102" started-at="2019-07-25T11:52:05Z" finished-at="2019-07-25T11:52:24Z">
    <groups>
    </groups>
    <test name="Default test" duration-ms="19102" started-at="2019-07-25T11:52:05Z" finished-at="2019-07-25T11:52:24Z">
      <class name="com.qait.android.TestChrome">
        <test-method status="PASS" signature="launchHRISPortal()[pri:0, instance:com.qait.android.TestChrome@26653222]" name="launchHRISPortal" duration-ms="19086" started-at="2019-07-25T17:22:05Z" finished-at="2019-07-25T17:22:24Z">
          <reporter-output>
          </reporter-output>
        </test-method> <!-- launchHRISPortal -->
      </class> <!-- com.qait.android.TestChrome -->
    </test> <!-- Default test -->
  </suite> <!-- Default suite -->
</testng-results>
